<?xml version="1.0" encoding="UTF-8"?>
<testng-results ignored="0" total="1" passed="1" failed="0" skipped="0">
  <reporter-output>
  </reporter-output>
  <suite started-at="2024-09-06T15:58:09 IST" name="Suite" finished-at="2024-09-06T15:58:14 IST" duration-ms="5053">
    <groups>
    </groups>
    <test started-at="2024-09-06T15:58:09 IST" name="Test" finished-at="2024-09-06T15:58:14 IST" duration-ms="5053">
      <class name="restassuredclasses.APITest">
        <test-method is-config="true" signature="loginAndExtractToken()[pri:0, instance:restassuredclasses.APITest@606e4010]" started-at="2024-09-06T15:58:09 IST" name="loginAndExtractToken" finished-at="2024-09-06T15:58:12 IST" duration-ms="2981" status="PASS">
          <reporter-output>
          </reporter-output>
        </test-method> <!-- loginAndExtractToken -->
        <test-method signature="createCampaignTest()[pri:0, instance:restassuredclasses.APITest@606e4010]" started-at="2024-09-06T15:58:12 IST" name="createCampaignTest" finished-at="2024-09-06T15:58:14 IST" duration-ms="2031" status="PASS">
          <reporter-output>
          </reporter-output>
        </test-method> <!-- createCampaignTest -->
      </class> <!-- restassuredclasses.APITest -->
    </test> <!-- Test -->
  </suite> <!-- Suite -->
</testng-results>
